{"C:\\Users\\prade\\Desktop\\git_practice\\src\\components\\Body.js": {"path":"C:\\Users\\prade\\Desktop\\git_practice\\src\\components\\Body.js","statementMap":{"0":{"start":{"line":9,"column":13},"end":{"line":94,"column":2}},"1":{"start":{"line":10,"column":53},"end":{"line":10,"column":65}},"2":{"start":{"line":11,"column":57},"end":{"line":11,"column":69}},"3":{"start":{"line":12,"column":40},"end":{"line":12,"column":52}},"4":{"start":{"line":13,"column":35},"end":{"line":13,"column":64}},"5":{"start":{"line":15,"column":4},"end":{"line":17,"column":10}},"6":{"start":{"line":16,"column":8},"end":{"line":16,"column":20}},"7":{"start":{"line":18,"column":19},"end":{"line":27,"column":2}},"8":{"start":{"line":20,"column":17},"end":{"line":22,"column":9}},"9":{"start":{"line":23,"column":25},"end":{"line":23,"column":42}},"10":{"start":{"line":25,"column":8},"end":{"line":25,"column":108}},"11":{"start":{"line":26,"column":8},"end":{"line":26,"column":110}},"12":{"start":{"line":29,"column":21},"end":{"line":29,"column":38}},"13":{"start":{"line":30,"column":0},"end":{"line":36,"column":1}},"14":{"start":{"line":31,"column":4},"end":{"line":35,"column":6}},"15":{"start":{"line":37,"column":36},"end":{"line":37,"column":59}},"16":{"start":{"line":39,"column":1},"end":{"line":41,"column":2}},"17":{"start":{"line":40,"column":4},"end":{"line":40,"column":21}},"18":{"start":{"line":43,"column":4},"end":{"line":93,"column":6}},"19":{"start":{"line":50,"column":38},"end":{"line":50,"column":67}},"20":{"start":{"line":53,"column":51},"end":{"line":54,"column":21}},"21":{"start":{"line":53,"column":85},"end":{"line":53,"column":147}},"22":{"start":{"line":55,"column":19},"end":{"line":55,"column":62}},"23":{"start":{"line":62,"column":41},"end":{"line":64,"column":21}},"24":{"start":{"line":63,"column":33},"end":{"line":63,"column":55}},"25":{"start":{"line":65,"column":19},"end":{"line":65,"column":56}},"26":{"start":{"line":72,"column":102},"end":{"line":72,"column":129}},"27":{"start":{"line":80,"column":19},"end":{"line":87,"column":27}}},"fnMap":{"0":{"name":"(anonymous_0)","decl":{"start":{"line":9,"column":13},"end":{"line":9,"column":14}},"loc":{"start":{"line":9,"column":19},"end":{"line":94,"column":2}},"line":9},"1":{"name":"(anonymous_1)","decl":{"start":{"line":15,"column":14},"end":{"line":15,"column":15}},"loc":{"start":{"line":15,"column":18},"end":{"line":17,"column":5}},"line":15},"2":{"name":"(anonymous_2)","decl":{"start":{"line":18,"column":19},"end":{"line":18,"column":20}},"loc":{"start":{"line":18,"column":31},"end":{"line":27,"column":2}},"line":18},"3":{"name":"(anonymous_3)","decl":{"start":{"line":50,"column":30},"end":{"line":50,"column":31}},"loc":{"start":{"line":50,"column":36},"end":{"line":50,"column":68}},"line":50},"4":{"name":"(anonymous_4)","decl":{"start":{"line":52,"column":29},"end":{"line":52,"column":30}},"loc":{"start":{"line":52,"column":34},"end":{"line":56,"column":21}},"line":52},"5":{"name":"(anonymous_5)","decl":{"start":{"line":53,"column":76},"end":{"line":53,"column":77}},"loc":{"start":{"line":53,"column":85},"end":{"line":53,"column":147}},"line":53},"6":{"name":"(anonymous_6)","decl":{"start":{"line":61,"column":25},"end":{"line":61,"column":26}},"loc":{"start":{"line":61,"column":31},"end":{"line":66,"column":17}},"line":61},"7":{"name":"(anonymous_7)","decl":{"start":{"line":63,"column":24},"end":{"line":63,"column":25}},"loc":{"start":{"line":63,"column":33},"end":{"line":63,"column":55}},"line":63},"8":{"name":"(anonymous_8)","decl":{"start":{"line":72,"column":94},"end":{"line":72,"column":95}},"loc":{"start":{"line":72,"column":101},"end":{"line":72,"column":130}},"line":72},"9":{"name":"(anonymous_9)","decl":{"start":{"line":79,"column":41},"end":{"line":79,"column":42}},"loc":{"start":{"line":80,"column":19},"end":{"line":87,"column":27}},"line":80}},"branchMap":{"0":{"loc":{"start":{"line":30,"column":0},"end":{"line":36,"column":1}},"type":"if","locations":[{"start":{"line":30,"column":0},"end":{"line":36,"column":1}},{"start":{},"end":{}}],"line":30},"1":{"loc":{"start":{"line":39,"column":1},"end":{"line":41,"column":2}},"type":"if","locations":[{"start":{"line":39,"column":1},"end":{"line":41,"column":2}},{"start":{},"end":{}}],"line":39},"2":{"loc":{"start":{"line":81,"column":22},"end":{"line":84,"column":63}},"type":"cond-expr","locations":[{"start":{"line":82,"column":22},"end":{"line":82,"column":70}},{"start":{"line":84,"column":22},"end":{"line":84,"column":63}}],"line":81}},"s":{"0":1,"1":4,"2":4,"3":4,"4":4,"5":4,"6":1,"7":4,"8":1,"9":1,"10":1,"11":1,"12":4,"13":4,"14":0,"15":4,"16":4,"17":1,"18":3,"19":1,"20":1,"21":20,"22":1,"23":0,"24":0,"25":0,"26":0,"27":42},"f":{"0":4,"1":1,"2":1,"3":1,"4":1,"5":20,"6":0,"7":0,"8":0,"9":42},"b":{"0":[0,4],"1":[1,3],"2":[42,0]},"_coverageSchema":"1a1c01bbd47fc00a2c39e90264f33305004495a9","hash":"1cd060ed98670cccb1fa9bcbc08e5771b21f3cc6"}
,"C:\\Users\\prade\\Desktop\\git_practice\\src\\components\\Contact.js": {"path":"C:\\Users\\prade\\Desktop\\git_practice\\src\\components\\Contact.js","statementMap":{"0":{"start":{"line":1,"column":16},"end":{"line":11,"column":1}},"1":{"start":{"line":2,"column":4},"end":{"line":10,"column":7}}},"fnMap":{"0":{"name":"(anonymous_0)","decl":{"start":{"line":1,"column":16},"end":{"line":1,"column":17}},"loc":{"start":{"line":1,"column":20},"end":{"line":11,"column":1}},"line":1}},"branchMap":{},"s":{"0":1,"1":3},"f":{"0":3},"b":{},"_coverageSchema":"1a1c01bbd47fc00a2c39e90264f33305004495a9","hash":"9453e3666173f757ed6239692dbfb355d90863ba"}
,"C:\\Users\\prade\\Desktop\\git_practice\\src\\components\\Grocery.js": {"path":"C:\\Users\\prade\\Desktop\\git_practice\\src\\components\\Grocery.js","statementMap":{"0":{"start":{"line":1,"column":16},"end":{"line":5,"column":1}},"1":{"start":{"line":2,"column":4},"end":{"line":3,"column":26}}},"fnMap":{"0":{"name":"(anonymous_0)","decl":{"start":{"line":1,"column":16},"end":{"line":1,"column":17}},"loc":{"start":{"line":1,"column":22},"end":{"line":5,"column":1}},"line":1}},"branchMap":{},"s":{"0":1,"1":0},"f":{"0":0},"b":{},"_coverageSchema":"1a1c01bbd47fc00a2c39e90264f33305004495a9","hash":"7b0e46a99b99605eadc390fa02d9fa7d785e3cf9"}
,"C:\\Users\\prade\\Desktop\\git_practice\\src\\components\\Header.js": {"path":"C:\\Users\\prade\\Desktop\\git_practice\\src\\components\\Header.js","statementMap":{"0":{"start":{"line":10,"column":15},"end":{"line":45,"column":2}},"1":{"start":{"line":11,"column":37},"end":{"line":11,"column":54}},"2":{"start":{"line":12,"column":25},"end":{"line":12,"column":42}},"3":{"start":{"line":13,"column":27},"end":{"line":13,"column":50}},"4":{"start":{"line":17,"column":22},"end":{"line":17,"column":62}},"5":{"start":{"line":17,"column":45},"end":{"line":17,"column":61}},"6":{"start":{"line":19,"column":4},"end":{"line":44,"column":14}},"7":{"start":{"line":39,"column":12},"end":{"line":39,"column":75}}},"fnMap":{"0":{"name":"(anonymous_0)","decl":{"start":{"line":10,"column":15},"end":{"line":10,"column":16}},"loc":{"start":{"line":10,"column":21},"end":{"line":45,"column":2}},"line":10},"1":{"name":"(anonymous_1)","decl":{"start":{"line":17,"column":34},"end":{"line":17,"column":35}},"loc":{"start":{"line":17,"column":45},"end":{"line":17,"column":61}},"line":17},"2":{"name":"(anonymous_2)","decl":{"start":{"line":38,"column":12},"end":{"line":38,"column":13}},"loc":{"start":{"line":38,"column":16},"end":{"line":39,"column":76}},"line":38}},"branchMap":{"0":{"loc":{"start":{"line":29,"column":53},"end":{"line":29,"column":88}},"type":"cond-expr","locations":[{"start":{"line":29,"column":68},"end":{"line":29,"column":76}},{"start":{"line":29,"column":79},"end":{"line":29,"column":88}}],"line":29},"1":{"loc":{"start":{"line":39,"column":12},"end":{"line":39,"column":75}},"type":"cond-expr","locations":[{"start":{"line":39,"column":31},"end":{"line":39,"column":52}},{"start":{"line":39,"column":55},"end":{"line":39,"column":75}}],"line":39}},"s":{"0":1,"1":4,"2":4,"3":4,"4":4,"5":7,"6":4,"7":1},"f":{"0":4,"1":7,"2":1},"b":{"0":[4,0],"1":[1,0]},"_coverageSchema":"1a1c01bbd47fc00a2c39e90264f33305004495a9","hash":"44649ece46dc27c891799c82713d02a8d18a07ea"}
,"C:\\Users\\prade\\Desktop\\git_practice\\src\\components\\RestaurantCard.js": {"path":"C:\\Users\\prade\\Desktop\\git_practice\\src\\components\\RestaurantCard.js","statementMap":{"0":{"start":{"line":3,"column":17},"end":{"line":5,"column":2}},"1":{"start":{"line":6,"column":24},"end":{"line":24,"column":1}},"2":{"start":{"line":7,"column":22},"end":{"line":7,"column":27}},"3":{"start":{"line":9,"column":4},"end":{"line":23,"column":6}},"4":{"start":{"line":26,"column":29},"end":{"line":35,"column":1}},"5":{"start":{"line":27,"column":3},"end":{"line":34,"column":5}},"6":{"start":{"line":28,"column":4},"end":{"line":33,"column":6}}},"fnMap":{"0":{"name":"(anonymous_0)","decl":{"start":{"line":6,"column":24},"end":{"line":6,"column":25}},"loc":{"start":{"line":6,"column":35},"end":{"line":24,"column":1}},"line":6},"1":{"name":"(anonymous_1)","decl":{"start":{"line":26,"column":29},"end":{"line":26,"column":30}},"loc":{"start":{"line":26,"column":49},"end":{"line":35,"column":1}},"line":26},"2":{"name":"(anonymous_2)","decl":{"start":{"line":27,"column":10},"end":{"line":27,"column":11}},"loc":{"start":{"line":27,"column":21},"end":{"line":34,"column":4}},"line":27}},"branchMap":{},"s":{"0":2,"1":2,"2":43,"3":43,"4":2,"5":4,"6":42},"f":{"0":43,"1":4,"2":42},"b":{},"_coverageSchema":"1a1c01bbd47fc00a2c39e90264f33305004495a9","hash":"f89c0b899a42f2853fc00e1165699a1c29aa2bf9"}
,"C:\\Users\\prade\\Desktop\\git_practice\\src\\components\\Shimmer.js": {"path":"C:\\Users\\prade\\Desktop\\git_practice\\src\\components\\Shimmer.js","statementMap":{"0":{"start":{"line":1,"column":16},"end":{"line":19,"column":1}},"1":{"start":{"line":2,"column":5},"end":{"line":18,"column":13}}},"fnMap":{"0":{"name":"(anonymous_0)","decl":{"start":{"line":1,"column":16},"end":{"line":1,"column":17}},"loc":{"start":{"line":1,"column":22},"end":{"line":19,"column":1}},"line":1}},"branchMap":{},"s":{"0":1,"1":1},"f":{"0":1},"b":{},"_coverageSchema":"1a1c01bbd47fc00a2c39e90264f33305004495a9","hash":"49e8c52c25b143c30450ec1ec16be693f78c0511"}
,"C:\\Users\\prade\\Desktop\\git_practice\\src\\components\\sum.js": {"path":"C:\\Users\\prade\\Desktop\\git_practice\\src\\components\\sum.js","statementMap":{"0":{"start":{"line":1,"column":19},"end":{"line":3,"column":1}},"1":{"start":{"line":2,"column":4},"end":{"line":2,"column":18}}},"fnMap":{"0":{"name":"(anonymous_0)","decl":{"start":{"line":1,"column":19},"end":{"line":1,"column":20}},"loc":{"start":{"line":1,"column":30},"end":{"line":3,"column":1}},"line":1}},"branchMap":{},"s":{"0":1,"1":1},"f":{"0":1},"b":{},"_coverageSchema":"1a1c01bbd47fc00a2c39e90264f33305004495a9","hash":"43ee4758de14449c31e0b2da921e5dea41bba063"}
,"C:\\Users\\prade\\Desktop\\git_practice\\src\\utils\\UserContext.js": {"path":"C:\\Users\\prade\\Desktop\\git_practice\\src\\utils\\UserContext.js","statementMap":{"0":{"start":{"line":3,"column":20},"end":{"line":5,"column":2}}},"fnMap":{},"branchMap":{},"s":{"0":2},"f":{},"b":{},"_coverageSchema":"1a1c01bbd47fc00a2c39e90264f33305004495a9","hash":"87ba94be3245668e493bfb5fa4167ebe5ee4d1af"}
,"C:\\Users\\prade\\Desktop\\git_practice\\src\\utils\\appStore.js": {"path":"C:\\Users\\prade\\Desktop\\git_practice\\src\\utils\\appStore.js","statementMap":{"0":{"start":{"line":3,"column":17},"end":{"line":9,"column":1}}},"fnMap":{},"branchMap":{},"s":{"0":1},"f":{},"b":{},"_coverageSchema":"1a1c01bbd47fc00a2c39e90264f33305004495a9","hash":"074c629bd2b579b221cc532c2ecf0da67cee79a1"}
,"C:\\Users\\prade\\Desktop\\git_practice\\src\\utils\\cartSlice.js": {"path":"C:\\Users\\prade\\Desktop\\git_practice\\src\\utils\\cartSlice.js","statementMap":{"0":{"start":{"line":4,"column":18},"end":{"line":22,"column":1}},"1":{"start":{"line":12,"column":16},"end":{"line":12,"column":49}},"2":{"start":{"line":15,"column":16},"end":{"line":15,"column":34}},"3":{"start":{"line":18,"column":16},"end":{"line":18,"column":39}},"4":{"start":{"line":24,"column":45},"end":{"line":24,"column":62}}},"fnMap":{"0":{"name":"(anonymous_0)","decl":{"start":{"line":11,"column":20},"end":{"line":11,"column":21}},"loc":{"start":{"line":11,"column":36},"end":{"line":13,"column":13}},"line":11},"1":{"name":"(anonymous_1)","decl":{"start":{"line":14,"column":23},"end":{"line":14,"column":24}},"loc":{"start":{"line":14,"column":39},"end":{"line":16,"column":13}},"line":14},"2":{"name":"(anonymous_2)","decl":{"start":{"line":17,"column":22},"end":{"line":17,"column":23}},"loc":{"start":{"line":17,"column":31},"end":{"line":19,"column":13}},"line":17}},"branchMap":{},"s":{"0":1,"1":0,"2":0,"3":0,"4":1},"f":{"0":0,"1":0,"2":0},"b":{},"_coverageSchema":"1a1c01bbd47fc00a2c39e90264f33305004495a9","hash":"04fc87524095ea56a9255fc8370ea9a8fb7a37ab"}
,"C:\\Users\\prade\\Desktop\\git_practice\\src\\utils\\constants.js": {"path":"C:\\Users\\prade\\Desktop\\git_practice\\src\\utils\\constants.js","statementMap":{"0":{"start":{"line":1,"column":23},"end":{"line":1,"column":106}},"1":{"start":{"line":3,"column":23},"end":{"line":3,"column":171}},"2":{"start":{"line":5,"column":24},"end":{"line":5,"column":143}}},"fnMap":{},"branchMap":{},"s":{"0":3,"1":3,"2":3},"f":{},"b":{},"_coverageSchema":"1a1c01bbd47fc00a2c39e90264f33305004495a9","hash":"bb96632591ef9ea547baeee06244428d7e9216ec"}
,"C:\\Users\\prade\\Desktop\\git_practice\\src\\utils\\mockData.js": {"path":"C:\\Users\\prade\\Desktop\\git_practice\\src\\utils\\mockData.js","statementMap":{"0":{"start":{"line":1,"column":18},"end":{"line":705,"column":3}}},"fnMap":{},"branchMap":{},"s":{"0":1},"f":{},"b":{},"_coverageSchema":"1a1c01bbd47fc00a2c39e90264f33305004495a9","hash":"f4accf758f720e284c48509ce4f1b7f750bde808"}
,"C:\\Users\\prade\\Desktop\\git_practice\\src\\utils\\useOnlineStatus.js": {"path":"C:\\Users\\prade\\Desktop\\git_practice\\src\\utils\\useOnlineStatus.js","statementMap":{"0":{"start":{"line":3,"column":24},"end":{"line":15,"column":1}},"1":{"start":{"line":4,"column":45},"end":{"line":4,"column":59}},"2":{"start":{"line":5,"column":4},"end":{"line":12,"column":10}},"3":{"start":{"line":6,"column":8},"end":{"line":8,"column":11}},"4":{"start":{"line":7,"column":12},"end":{"line":7,"column":35}},"5":{"start":{"line":9,"column":8},"end":{"line":11,"column":11}},"6":{"start":{"line":10,"column":12},"end":{"line":10,"column":34}},"7":{"start":{"line":14,"column":4},"end":{"line":14,"column":24}}},"fnMap":{"0":{"name":"(anonymous_0)","decl":{"start":{"line":3,"column":24},"end":{"line":3,"column":25}},"loc":{"start":{"line":3,"column":30},"end":{"line":15,"column":1}},"line":3},"1":{"name":"(anonymous_1)","decl":{"start":{"line":5,"column":14},"end":{"line":5,"column":15}},"loc":{"start":{"line":5,"column":18},"end":{"line":12,"column":5}},"line":5},"2":{"name":"(anonymous_2)","decl":{"start":{"line":6,"column":42},"end":{"line":6,"column":43}},"loc":{"start":{"line":6,"column":48},"end":{"line":8,"column":9}},"line":6},"3":{"name":"(anonymous_3)","decl":{"start":{"line":9,"column":42},"end":{"line":9,"column":43}},"loc":{"start":{"line":9,"column":48},"end":{"line":11,"column":9}},"line":9}},"branchMap":{},"s":{"0":2,"1":8,"2":8,"3":4,"4":0,"5":4,"6":0,"7":8},"f":{"0":8,"1":4,"2":0,"3":0},"b":{},"_coverageSchema":"1a1c01bbd47fc00a2c39e90264f33305004495a9","hash":"fc44aed9b163df5502679a5b3b29183dd3befdd6"}
}
